0 info it worked if it ends with ok
1 verbose cli [ 'C:\\Users\\nsarlo\\AppData\\Local\\.meteor\\packages\\meteor-tool\\1.3.2_4\\mt-os.windows.x86_32\\dev_bundle\\bin\\\\node.exe',
1 verbose cli   'C:\\Users\\nsarlo\\AppData\\Local\\.meteor\\packages\\meteor-tool\\1.3.2_4\\mt-os.windows.x86_32\\dev_bundle\\lib\\node_modules\\npm\\bin\\npm-cli.js',
1 verbose cli   'install' ]
2 info using npm@2.14.22
3 info using node@v0.10.43
4 verbose readDependencies loading dependencies from C:\Users\nsarlo\Dev\df_site\package.json
5 warn package.json dynastyfftools@ No repository field.
6 warn package.json dynastyfftools@ No license field.
7 warn package.json Dependency 'meteor-node-stubs' exists in both dependencies and devDependencies, using 'meteor-node-stubs@~0.2.0' from dependencies
8 verbose install where, deps [ 'C:\\Users\\nsarlo\\Dev\\df_site',
8 verbose install   [ 'autoprefixer',
8 verbose install     'bootstrap',
8 verbose install     'chart.js',
8 verbose install     'classnames',
8 verbose install     'google-url',
8 verbose install     'highcharts',
8 verbose install     'highcharts-exporting',
8 verbose install     'highcharts-more',
8 verbose install     'highstock-browserify',
8 verbose install     'icheck',
8 verbose install     'jquery',
8 verbose install     'lodash',
8 verbose install     'meteor-node-stubs',
8 verbose install     'mixpanel-browser',
8 verbose install     'react',
8 verbose install     'react-addons-css-transition-group',
8 verbose install     'react-addons-pure-render-mixin',
8 verbose install     'react-addons-test-utils',
8 verbose install     'react-bootstrap',
8 verbose install     'react-bootstrap-sweetalert',
8 verbose install     'react-chartjs',
8 verbose install     'react-drag-sortable',
8 verbose install     'react-ga',
8 verbose install     'react-highcharts',
8 verbose install     'react-highlight',
8 verbose install     'react-highstock',
8 verbose install     'react-icheck',
8 verbose install     'react-peity',
8 verbose install     'react-reorder',
8 verbose install     'react-router',
8 verbose install     'react-select',
8 verbose install     'react-sparklines',
8 verbose install     'enzyme',
8 verbose install     'eslint',
8 verbose install     'eslint-config-airbnb',
8 verbose install     'eslint-plugin-meteor',
8 verbose install     'eslint-plugin-react' ] ]
9 verbose install where, peers [ 'C:\\Users\\nsarlo\\Dev\\df_site', [] ]
10 verbose installManyTop reading for lifecycle C:\Users\nsarlo\Dev\df_site\package.json
11 info preinstall dynastyfftools@
12 verbose installManyTop reading scoped package data from C:\Users\nsarlo\Dev\df_site\node_modules\autoprefixer\package.json
13 verbose installManyTop reading scoped package data from C:\Users\nsarlo\Dev\df_site\node_modules\bootstrap\package.json
14 verbose installManyTop reading scoped package data from C:\Users\nsarlo\Dev\df_site\node_modules\chart.js\package.json
15 verbose installManyTop reading scoped package data from C:\Users\nsarlo\Dev\df_site\node_modules\classnames\package.json
16 verbose installManyTop reading scoped package data from C:\Users\nsarlo\Dev\df_site\node_modules\enzyme\package.json
17 verbose installManyTop reading scoped package data from C:\Users\nsarlo\Dev\df_site\node_modules\eslint\package.json
18 verbose installManyTop reading scoped package data from C:\Users\nsarlo\Dev\df_site\node_modules\eslint-config-airbnb\package.json
19 verbose installManyTop reading scoped package data from C:\Users\nsarlo\Dev\df_site\node_modules\eslint-plugin-meteor\package.json
20 verbose installManyTop reading scoped package data from C:\Users\nsarlo\Dev\df_site\node_modules\eslint-plugin-react\package.json
21 verbose installManyTop reading scoped package data from C:\Users\nsarlo\Dev\df_site\node_modules\google-url\package.json
22 verbose installManyTop reading scoped package data from C:\Users\nsarlo\Dev\df_site\node_modules\highcharts\package.json
23 verbose installManyTop reading scoped package data from C:\Users\nsarlo\Dev\df_site\node_modules\highcharts-exporting\package.json
24 verbose installManyTop reading scoped package data from C:\Users\nsarlo\Dev\df_site\node_modules\highcharts-more\package.json
25 verbose installManyTop reading scoped package data from C:\Users\nsarlo\Dev\df_site\node_modules\highstock-browserify\package.json
26 verbose installManyTop reading scoped package data from C:\Users\nsarlo\Dev\df_site\node_modules\icheck\package.json
27 verbose installManyTop reading scoped package data from C:\Users\nsarlo\Dev\df_site\node_modules\jquery\package.json
28 verbose installManyTop reading scoped package data from C:\Users\nsarlo\Dev\df_site\node_modules\lodash\package.json
29 verbose installManyTop reading scoped package data from C:\Users\nsarlo\Dev\df_site\node_modules\meteor-node-stubs\package.json
30 verbose installManyTop reading scoped package data from C:\Users\nsarlo\Dev\df_site\node_modules\mixpanel-browser\package.json
31 verbose installManyTop reading scoped package data from C:\Users\nsarlo\Dev\df_site\node_modules\react\package.json
32 verbose installManyTop reading scoped package data from C:\Users\nsarlo\Dev\df_site\node_modules\react-addons-css-transition-group\package.json
33 verbose installManyTop reading scoped package data from C:\Users\nsarlo\Dev\df_site\node_modules\react-addons-pure-render-mixin\package.json
34 verbose installManyTop reading scoped package data from C:\Users\nsarlo\Dev\df_site\node_modules\react-addons-test-utils\package.json
35 verbose installManyTop reading scoped package data from C:\Users\nsarlo\Dev\df_site\node_modules\react-bootstrap\package.json
36 verbose installManyTop reading scoped package data from C:\Users\nsarlo\Dev\df_site\node_modules\react-bootstrap-sweetalert\package.json
37 verbose installManyTop reading scoped package data from C:\Users\nsarlo\Dev\df_site\node_modules\react-chartjs\package.json
38 verbose installManyTop reading scoped package data from C:\Users\nsarlo\Dev\df_site\node_modules\react-dom\package.json
39 verbose installManyTop reading scoped package data from C:\Users\nsarlo\Dev\df_site\node_modules\react-drag-sortable\package.json
40 verbose installManyTop reading scoped package data from C:\Users\nsarlo\Dev\df_site\node_modules\react-ga\package.json
41 verbose installManyTop reading scoped package data from C:\Users\nsarlo\Dev\df_site\node_modules\react-highcharts\package.json
42 verbose installManyTop reading scoped package data from C:\Users\nsarlo\Dev\df_site\node_modules\react-highlight\package.json
43 verbose installManyTop reading scoped package data from C:\Users\nsarlo\Dev\df_site\node_modules\react-highstock\package.json
44 verbose installManyTop reading scoped package data from C:\Users\nsarlo\Dev\df_site\node_modules\react-icheck\package.json
45 verbose installManyTop reading scoped package data from C:\Users\nsarlo\Dev\df_site\node_modules\react-peity\package.json
46 verbose installManyTop reading scoped package data from C:\Users\nsarlo\Dev\df_site\node_modules\react-reorder\package.json
47 verbose installManyTop reading scoped package data from C:\Users\nsarlo\Dev\df_site\node_modules\react-router\package.json
48 verbose installManyTop reading scoped package data from C:\Users\nsarlo\Dev\df_site\node_modules\react-select\package.json
49 verbose installManyTop reading scoped package data from C:\Users\nsarlo\Dev\df_site\node_modules\react-sparklines\package.json
50 info package.json react-bootstrap@0.29.5 No README data
51 info package.json highcharts@4.2.7 license should be a valid SPDX license expression
52 info package.json highcharts-exporting@0.1.2 No repository field.
53 info package.json highcharts-exporting@0.1.2 license should be a valid SPDX license expression
54 info package.json highcharts-more@0.1.2 No repository field.
55 info package.json highcharts-more@0.1.2 license should be a valid SPDX license expression
56 verbose readDependencies loading dependencies from C:\Users\nsarlo\Dev\df_site\package.json
57 verbose targetResolver reading package data from C:\Users\nsarlo\Dev\df_site\node_modules\autoprefixer\package.json
58 verbose targetResolver reading package data from C:\Users\nsarlo\Dev\df_site\node_modules\bootstrap\package.json
59 verbose targetResolver reading package data from C:\Users\nsarlo\Dev\df_site\node_modules\chart.js\package.json
60 verbose targetResolver reading package data from C:\Users\nsarlo\Dev\df_site\node_modules\classnames\package.json
61 verbose targetResolver reading package data from C:\Users\nsarlo\Dev\df_site\node_modules\enzyme\package.json
62 verbose targetResolver reading package data from C:\Users\nsarlo\Dev\df_site\node_modules\eslint\package.json
63 verbose targetResolver reading package data from C:\Users\nsarlo\Dev\df_site\node_modules\eslint-config-airbnb\package.json
64 verbose targetResolver reading package data from C:\Users\nsarlo\Dev\df_site\node_modules\eslint-plugin-meteor\package.json
65 verbose targetResolver reading package data from C:\Users\nsarlo\Dev\df_site\node_modules\eslint-plugin-react\package.json
66 verbose targetResolver reading package data from C:\Users\nsarlo\Dev\df_site\node_modules\google-url\package.json
67 verbose targetResolver reading package data from C:\Users\nsarlo\Dev\df_site\node_modules\highcharts\package.json
68 verbose targetResolver reading package data from C:\Users\nsarlo\Dev\df_site\node_modules\highcharts-exporting\package.json
69 verbose targetResolver reading package data from C:\Users\nsarlo\Dev\df_site\node_modules\highcharts-more\package.json
70 verbose targetResolver reading package data from C:\Users\nsarlo\Dev\df_site\node_modules\highstock-browserify\package.json
71 verbose targetResolver reading package data from C:\Users\nsarlo\Dev\df_site\node_modules\icheck\package.json
72 verbose targetResolver reading package data from C:\Users\nsarlo\Dev\df_site\node_modules\jquery\package.json
73 verbose targetResolver reading package data from C:\Users\nsarlo\Dev\df_site\node_modules\lodash\package.json
74 verbose targetResolver reading package data from C:\Users\nsarlo\Dev\df_site\node_modules\meteor-node-stubs\package.json
75 verbose targetResolver reading package data from C:\Users\nsarlo\Dev\df_site\node_modules\mixpanel-browser\package.json
76 verbose targetResolver reading package data from C:\Users\nsarlo\Dev\df_site\node_modules\react\package.json
77 verbose targetResolver reading package data from C:\Users\nsarlo\Dev\df_site\node_modules\react-addons-css-transition-group\package.json
78 verbose targetResolver reading package data from C:\Users\nsarlo\Dev\df_site\node_modules\react-addons-pure-render-mixin\package.json
79 verbose targetResolver reading package data from C:\Users\nsarlo\Dev\df_site\node_modules\react-addons-test-utils\package.json
80 verbose targetResolver reading package data from C:\Users\nsarlo\Dev\df_site\node_modules\react-bootstrap\package.json
81 verbose targetResolver reading package data from C:\Users\nsarlo\Dev\df_site\node_modules\react-bootstrap-sweetalert\package.json
82 verbose targetResolver reading package data from C:\Users\nsarlo\Dev\df_site\node_modules\react-chartjs\package.json
83 verbose targetResolver reading package data from C:\Users\nsarlo\Dev\df_site\node_modules\react-dom\package.json
84 verbose targetResolver reading package data from C:\Users\nsarlo\Dev\df_site\node_modules\react-drag-sortable\package.json
85 verbose targetResolver reading package data from C:\Users\nsarlo\Dev\df_site\node_modules\react-ga\package.json
86 verbose targetResolver reading package data from C:\Users\nsarlo\Dev\df_site\node_modules\react-highcharts\package.json
87 verbose targetResolver reading package data from C:\Users\nsarlo\Dev\df_site\node_modules\react-highlight\package.json
88 verbose targetResolver reading package data from C:\Users\nsarlo\Dev\df_site\node_modules\react-highstock\package.json
89 verbose targetResolver reading package data from C:\Users\nsarlo\Dev\df_site\node_modules\react-icheck\package.json
90 verbose targetResolver reading package data from C:\Users\nsarlo\Dev\df_site\node_modules\react-peity\package.json
91 verbose targetResolver reading package data from C:\Users\nsarlo\Dev\df_site\node_modules\react-reorder\package.json
92 verbose targetResolver reading package data from C:\Users\nsarlo\Dev\df_site\node_modules\react-router\package.json
93 verbose targetResolver reading package data from C:\Users\nsarlo\Dev\df_site\node_modules\react-select\package.json
94 verbose targetResolver reading package data from C:\Users\nsarlo\Dev\df_site\node_modules\react-sparklines\package.json
95 verbose targetResolver reading package data from C:\Users\nsarlo\Dev\df_site\node_modules\.bin\eslint\package.json
96 verbose targetResolver reading package data from C:\Users\nsarlo\Dev\df_site\node_modules\.bin\eslint.cmd\package.json
97 verbose already installed skipping autoprefixer@^6.3.1 C:\Users\nsarlo\Dev\df_site
98 verbose already installed skipping bootstrap@^3.3.6 C:\Users\nsarlo\Dev\df_site
99 verbose already installed skipping chart.js@^1.1.1 C:\Users\nsarlo\Dev\df_site
100 verbose already installed skipping classnames@https://registry.npmjs.org/classnames/-/classnames-2.2.5.tgz C:\Users\nsarlo\Dev\df_site
101 verbose already installed skipping google-url@0.0.4 C:\Users\nsarlo\Dev\df_site
102 verbose already installed skipping highcharts@^4.2.5 C:\Users\nsarlo\Dev\df_site
103 verbose already installed skipping highcharts-exporting@^0.1.2 C:\Users\nsarlo\Dev\df_site
104 verbose already installed skipping highcharts-more@^0.1.2 C:\Users\nsarlo\Dev\df_site
105 verbose already installed skipping highstock-browserify@^1.0.6 C:\Users\nsarlo\Dev\df_site
106 verbose already installed skipping icheck@^1.0.2 C:\Users\nsarlo\Dev\df_site
107 verbose already installed skipping jquery@^3.0.0 C:\Users\nsarlo\Dev\df_site
108 verbose already installed skipping lodash@^4.13.1 C:\Users\nsarlo\Dev\df_site
109 verbose already installed skipping meteor-node-stubs@~0.2.0 C:\Users\nsarlo\Dev\df_site
110 verbose already installed skipping mixpanel-browser@^2.9.9 C:\Users\nsarlo\Dev\df_site
111 verbose already installed skipping react@^15.2.0 C:\Users\nsarlo\Dev\df_site
112 verbose already installed skipping react-addons-css-transition-group@https://registry.npmjs.org/react-addons-css-transition-group/-/react-addons-css-transition-group-15.1.0.tgz C:\Users\nsarlo\Dev\df_site
113 verbose already installed skipping react-addons-pure-render-mixin@^15.0.0 C:\Users\nsarlo\Dev\df_site
114 verbose already installed skipping react-addons-test-utils@^15.0.0 C:\Users\nsarlo\Dev\df_site
115 verbose already installed skipping react-bootstrap@^0.29.5 C:\Users\nsarlo\Dev\df_site
116 verbose already installed skipping react-bootstrap-sweetalert@^3.0.0 C:\Users\nsarlo\Dev\df_site
117 verbose already installed skipping react-chartjs@^0.7.3 C:\Users\nsarlo\Dev\df_site
118 verbose already installed skipping react-drag-sortable@^1.0.1 C:\Users\nsarlo\Dev\df_site
119 verbose already installed skipping react-ga@^2.1.1 C:\Users\nsarlo\Dev\df_site
120 verbose already installed skipping react-highcharts@^8.3.3 C:\Users\nsarlo\Dev\df_site
121 verbose already installed skipping react-highlight@^0.8.0 C:\Users\nsarlo\Dev\df_site
122 verbose already installed skipping react-highstock@^1.0.2 C:\Users\nsarlo\Dev\df_site
123 verbose already installed skipping react-icheck@^0.3.3 C:\Users\nsarlo\Dev\df_site
124 verbose already installed skipping react-peity@0.0.1 C:\Users\nsarlo\Dev\df_site
125 verbose already installed skipping react-reorder@^3.0.0-alpha.0 C:\Users\nsarlo\Dev\df_site
126 verbose already installed skipping react-router@https://registry.npmjs.org/react-router/-/react-router-2.4.1.tgz C:\Users\nsarlo\Dev\df_site
127 verbose already installed skipping react-select@^1.0.0-beta13 C:\Users\nsarlo\Dev\df_site
128 silly cache add args [ 'react-sparklines@git+https://github.com/Dem0n3D/react-sparklines.git',
128 silly cache add   null ]
129 verbose cache add spec react-sparklines@git+https://github.com/Dem0n3D/react-sparklines.git
130 silly cache add parsed spec { raw: 'react-sparklines@git+https://github.com/Dem0n3D/react-sparklines.git',
130 silly cache add   scope: null,
130 silly cache add   name: 'react-sparklines',
130 silly cache add   rawSpec: 'git+https://github.com/Dem0n3D/react-sparklines.git',
130 silly cache add   spec: 'git+https://github.com/Dem0n3D/react-sparklines.git',
130 silly cache add   type: 'hosted',
130 silly cache add   hosted:
130 silly cache add    { type: 'github',
130 silly cache add      ssh: 'git@github.com:Dem0n3D/react-sparklines.git',
130 silly cache add      sshUrl: 'git+ssh://git@github.com/Dem0n3D/react-sparklines.git',
130 silly cache add      httpsUrl: 'git+https://github.com/Dem0n3D/react-sparklines.git',
130 silly cache add      gitUrl: 'git://github.com/Dem0n3D/react-sparklines.git',
130 silly cache add      shortcut: 'github:Dem0n3D/react-sparklines',
130 silly cache add      directUrl: 'https://raw.githubusercontent.com/Dem0n3D/react-sparklines/master/package.json' } }
131 verbose addRemoteGit caching git+https://github.com/Dem0n3D/react-sparklines.git
132 verbose addRemoteGit git+https://github.com/Dem0n3D/react-sparklines.git is a repository hosted by github
133 silly tryClone cloning git+https://github.com/Dem0n3D/react-sparklines.git via git+https://github.com/Dem0n3D/react-sparklines.git
134 verbose tryClone https-github-com-Dem0n3D-react-sparklines-git-00bc2c7f not in flight; caching
135 verbose correctMkdir C:\Users\nsarlo\AppData\Local\.meteor\packages\meteor-tool\1.3.2_4\mt-os.windows.x86_32\dev_bundle\.npm\_git-remotes correctMkdir not in flight; initializing
136 verbose makeDirectory C:\Users\nsarlo\AppData\Local\.meteor\packages\meteor-tool\1.3.2_4\mt-os.windows.x86_32\dev_bundle\.npm\_git-remotes creation not in flight; initializing
137 verbose makeCacheDir UID & GID are irrelevant on win32
138 verbose already installed skipping enzyme@^2.3.0 C:\Users\nsarlo\Dev\df_site
139 verbose already installed skipping eslint@^2.3.0 C:\Users\nsarlo\Dev\df_site
140 verbose already installed skipping eslint-config-airbnb@^6.1.0 C:\Users\nsarlo\Dev\df_site
141 verbose already installed skipping eslint-plugin-meteor@^3.0.1 C:\Users\nsarlo\Dev\df_site
142 verbose already installed skipping eslint-plugin-react@^4.0.0 C:\Users\nsarlo\Dev\df_site
143 info git [ 'clone',
143 info git   '--template=C:\\Users\\nsarlo\\AppData\\Local\\.meteor\\packages\\meteor-tool\\1.3.2_4\\mt-os.windows.x86_32\\dev_bundle\\.npm\\_git-remotes\\_templates',
143 info git   '--mirror',
143 info git   'https://github.com/Dem0n3D/react-sparklines.git',
143 info git   'C:\\Users\\nsarlo\\AppData\\Local\\.meteor\\packages\\meteor-tool\\1.3.2_4\\mt-os.windows.x86_32\\dev_bundle\\.npm\\_git-remotes\\https-github-com-Dem0n3D-react-sparklines-git-00bc2c7f' ]
144 verbose mirrorRemote git+https://github.com/Dem0n3D/react-sparklines.git git clone https://github.com/Dem0n3D/react-sparklines.git
145 verbose setPermissions git+https://github.com/Dem0n3D/react-sparklines.git skipping chownr on Windows
146 verbose resolveHead git+https://github.com/Dem0n3D/react-sparklines.git original treeish: master
147 info git [ 'rev-list', '-n1', 'master' ]
148 silly resolveHead git+https://github.com/Dem0n3D/react-sparklines.git resolved treeish: a90ac6493582ccb2f5c0d0460746240e805642f6
149 verbose resolveHead git+https://github.com/Dem0n3D/react-sparklines.git resolved Git URL: git+https://github.com/Dem0n3D/react-sparklines.git#a90ac6493582ccb2f5c0d0460746240e805642f6
150 silly resolveHead Git working directory: C:\Users\nsarlo\AppData\Local\Temp\npm-14520-a2800d1e\git-cache-cccf11838267\a90ac6493582ccb2f5c0d0460746240e805642f6
151 info git [ 'clone',
151 info git   'C:\\Users\\nsarlo\\AppData\\Local\\.meteor\\packages\\meteor-tool\\1.3.2_4\\mt-os.windows.x86_32\\dev_bundle\\.npm\\_git-remotes\\https-github-com-Dem0n3D-react-sparklines-git-00bc2c7f',
151 info git   'C:\\Users\\nsarlo\\AppData\\Local\\Temp\\npm-14520-a2800d1e\\git-cache-cccf11838267\\a90ac6493582ccb2f5c0d0460746240e805642f6' ]
152 error git clone C:\Users\nsarlo\AppData\Local\.meteor\packages\meteor-tool\1.3.2_4\mt-os.windows.x86_32\dev_bundle\.npm\_git-remotes\https-github-com-Dem0n3D-react-sparklines-git-00bc2c7f C:\Users\nsarlo\AppData\Local\Temp\npm-14520-a2800d1e\git-cache-cccf11838267\a90ac6493582ccb2f5c0d0460746240e805642f6: Cloning into 'C:\Users\nsarlo\AppData\Local\Temp\npm-14520-a2800d1e\git-cache-cccf11838267\a90ac6493582ccb2f5c0d0460746240e805642f6'...
152 error git clone C:\Users\nsarlo\AppData\Local\.meteor\packages\meteor-tool\1.3.2_4\mt-os.windows.x86_32\dev_bundle\.npm\_git-remotes\https-github-com-Dem0n3D-react-sparklines-git-00bc2c7f C:\Users\nsarlo\AppData\Local\Temp\npm-14520-a2800d1e\git-cache-cccf11838267\a90ac6493582ccb2f5c0d0460746240e805642f6: git-upload-pack 'C:\Users\nsarlo\AppData\Local\.meteor\packages\meteor-tool\1.3.2_4\mt-os.windows.x86_32\dev_bundle\.npm\_git-remotes\https-github-com-Dem0n3D-react-sparklines-git-00bc2c7f': git-upload-pack: command not found
152 error git clone C:\Users\nsarlo\AppData\Local\.meteor\packages\meteor-tool\1.3.2_4\mt-os.windows.x86_32\dev_bundle\.npm\_git-remotes\https-github-com-Dem0n3D-react-sparklines-git-00bc2c7f C:\Users\nsarlo\AppData\Local\Temp\npm-14520-a2800d1e\git-cache-cccf11838267\a90ac6493582ccb2f5c0d0460746240e805642f6: fatal: Could not read from remote repository.
152 error git clone C:\Users\nsarlo\AppData\Local\.meteor\packages\meteor-tool\1.3.2_4\mt-os.windows.x86_32\dev_bundle\.npm\_git-remotes\https-github-com-Dem0n3D-react-sparklines-git-00bc2c7f C:\Users\nsarlo\AppData\Local\Temp\npm-14520-a2800d1e\git-cache-cccf11838267\a90ac6493582ccb2f5c0d0460746240e805642f6:
152 error git clone C:\Users\nsarlo\AppData\Local\.meteor\packages\meteor-tool\1.3.2_4\mt-os.windows.x86_32\dev_bundle\.npm\_git-remotes\https-github-com-Dem0n3D-react-sparklines-git-00bc2c7f C:\Users\nsarlo\AppData\Local\Temp\npm-14520-a2800d1e\git-cache-cccf11838267\a90ac6493582ccb2f5c0d0460746240e805642f6: Please make sure you have the correct access rights
152 error git clone C:\Users\nsarlo\AppData\Local\.meteor\packages\meteor-tool\1.3.2_4\mt-os.windows.x86_32\dev_bundle\.npm\_git-remotes\https-github-com-Dem0n3D-react-sparklines-git-00bc2c7f C:\Users\nsarlo\AppData\Local\Temp\npm-14520-a2800d1e\git-cache-cccf11838267\a90ac6493582ccb2f5c0d0460746240e805642f6: and the repository exists.
153 verbose stack Error: Command failed: Cloning into 'C:\Users\nsarlo\AppData\Local\Temp\npm-14520-a2800d1e\git-cache-cccf11838267\a90ac6493582ccb2f5c0d0460746240e805642f6'...
153 verbose stack git-upload-pack 'C:\Users\nsarlo\AppData\Local\.meteor\packages\meteor-tool\1.3.2_4\mt-os.windows.x86_32\dev_bundle\.npm\_git-remotes\https-github-com-Dem0n3D-react-sparklines-git-00bc2c7f': git-upload-pack: command not found
153 verbose stack fatal: Could not read from remote repository.
153 verbose stack
153 verbose stack Please make sure you have the correct access rights
153 verbose stack and the repository exists.
153 verbose stack
153 verbose stack     at ChildProcess.exithandler (child_process.js:658:15)
153 verbose stack     at ChildProcess.emit (events.js:98:17)
153 verbose stack     at maybeClose (child_process.js:766:16)
153 verbose stack     at Socket.<anonymous> (child_process.js:979:11)
153 verbose stack     at Socket.emit (events.js:95:17)
153 verbose stack     at Pipe.close (net.js:466:12)
154 verbose cwd C:\Users\nsarlo\Dev\df_site
155 error Windows_NT 10.0.10586
156 error argv "C:\\Users\\nsarlo\\AppData\\Local\\.meteor\\packages\\meteor-tool\\1.3.2_4\\mt-os.windows.x86_32\\dev_bundle\\bin\\\\node.exe" "C:\\Users\\nsarlo\\AppData\\Local\\.meteor\\packages\\meteor-tool\\1.3.2_4\\mt-os.windows.x86_32\\dev_bundle\\lib\\node_modules\\npm\\bin\\npm-cli.js" "install"
157 error node v0.10.43
158 error npm  v2.14.22
159 error code 128
160 error Command failed: Cloning into 'C:\Users\nsarlo\AppData\Local\Temp\npm-14520-a2800d1e\git-cache-cccf11838267\a90ac6493582ccb2f5c0d0460746240e805642f6'...
160 error git-upload-pack 'C:\Users\nsarlo\AppData\Local\.meteor\packages\meteor-tool\1.3.2_4\mt-os.windows.x86_32\dev_bundle\.npm\_git-remotes\https-github-com-Dem0n3D-react-sparklines-git-00bc2c7f': git-upload-pack: command not found
160 error fatal: Could not read from remote repository.
160 error
160 error Please make sure you have the correct access rights
160 error and the repository exists.
161 error If you need help, you may report this error at:
161 error     <https://github.com/npm/npm/issues>
162 verbose exit [ 1, true ]
